<?xml version="1.0" encoding="UTF-8"?>
<!-- Generated by org.testng.reporters.JUnitReportReporter -->
<testsuite hostname="NODE140" name="com.company.testclasses.GoogleTest" tests="1" failures="0" timestamp="7 Nov 2014 10:28:13 GMT" time="0.010" errors="0">
  <testcase name="Test1" time="0.010" classname="com.company.testclasses.GoogleTest"/>
</testsuite> <!-- com.company.testclasses.GoogleTest -->
