<?xml version="1.0" encoding="UTF-8"?>
<!-- Generated by org.testng.reporters.JUnitReportReporter -->
<testsuite hostname="NODE140" name="com.company.testclasses.Branch1" tests="1" failures="0" timestamp="7 Nov 2014 09:46:30 GMT" time="5.642" errors="0">
  <testcase name="t" time="5.642" classname="com.company.testclasses.Branch1"/>
</testsuite> <!-- com.company.testclasses.Branch1 -->
