<?xml version="1.0" encoding="UTF-8"?>
<!-- Generated by org.testng.reporters.JUnitReportReporter -->
<testsuite hostname="NODE140" name="com.company.testclasses.GoogleTest" tests="2" failures="0" timestamp="7 Nov 2014 08:12:17 GMT" time="0.000" errors="0">
  <testcase name="Test" time="0.000" classname="com.company.testclasses.GoogleTest"/>
  <testcase name="New" time="0.000" classname="com.company.testclasses.GoogleTest"/>
</testsuite> <!-- com.company.testclasses.GoogleTest -->
