<?xml version="1.0" encoding="UTF-8"?>
<!-- Generated by org.testng.reporters.JUnitReportReporter -->
<testsuite hostname="NODE140" name="com.company.testclasses.GoogleTest" tests="2" failures="0" timestamp="7 Nov 2014 09:33:07 GMT" time="0.008" errors="0">
  <testcase name="New" time="0.007" classname="com.company.testclasses.GoogleTest"/>
  <testcase name="Test" time="0.001" classname="com.company.testclasses.GoogleTest"/>
</testsuite> <!-- com.company.testclasses.GoogleTest -->
